2025-06-28T13:46:09: 📦 Connected to PostgreSQL database
2025-06-28T13:46:09: ✅ Database connected successfully
Error: bind EADDRINUSE null:3000
    at listenOnPrimaryHandle (node:net:1885:18)
    at rr (node:internal/cluster/child:162:12)
    at Worker.<anonymous> (node:internal/cluster/child:112:7)
    at process.onInternalMessage (node:internal/cluster/utils:49:5)
    at process.emit (node:events:529:35)
    at emit (node:internal/child_process:944:14)
    at process.processTicksAndRejections (node:internal/process/task_queues:83:21)
2025-06-28T13:46:10: 📦 Connected to PostgreSQL database
2025-06-28T13:46:10: ✅ Database connected successfully
Error: bind EADDRINUSE null:3000
    at listenOnPrimaryHandle (node:net:1885:18)
    at rr (node:internal/cluster/child:162:12)
    at Worker.<anonymous> (node:internal/cluster/child:112:7)
    at process.onInternalMessage (node:internal/cluster/utils:49:5)
    at process.emit (node:events:529:35)
    at emit (node:internal/child_process:944:14)
    at process.processTicksAndRejections (node:internal/process/task_queues:83:21)
2025-06-28T13:46:10: 📦 Connected to PostgreSQL database
2025-06-28T13:46:10: ✅ Database connected successfully
Error: bind EADDRINUSE null:3000
    at listenOnPrimaryHandle (node:net:1885:18)
    at rr (node:internal/cluster/child:162:12)
    at Worker.<anonymous> (node:internal/cluster/child:112:7)
    at process.onInternalMessage (node:internal/cluster/utils:49:5)
    at process.emit (node:events:529:35)
    at emit (node:internal/child_process:944:14)
    at process.processTicksAndRejections (node:internal/process/task_queues:83:21)
2025-06-28T13:46:10: 📦 Connected to PostgreSQL database
2025-06-28T13:46:10: ✅ Database connected successfully
Error: bind EADDRINUSE null:3000
    at listenOnPrimaryHandle (node:net:1885:18)
    at rr (node:internal/cluster/child:162:12)
    at Worker.<anonymous> (node:internal/cluster/child:112:7)
    at process.onInternalMessage (node:internal/cluster/utils:49:5)
    at process.emit (node:events:529:35)
    at emit (node:internal/child_process:944:14)
    at process.processTicksAndRejections (node:internal/process/task_queues:83:21)
2025-06-28T13:46:10: 📦 Connected to PostgreSQL database
2025-06-28T13:46:10: ✅ Database connected successfully
Error: bind EADDRINUSE null:3000
    at listenOnPrimaryHandle (node:net:1885:18)
    at rr (node:internal/cluster/child:162:12)
    at Worker.<anonymous> (node:internal/cluster/child:112:7)
    at process.onInternalMessage (node:internal/cluster/utils:49:5)
    at process.emit (node:events:529:35)
    at emit (node:internal/child_process:944:14)
    at process.processTicksAndRejections (node:internal/process/task_queues:83:21)
2025-06-28T13:46:11: 📦 Connected to PostgreSQL database
2025-06-28T13:46:11: ✅ Database connected successfully
Error: bind EADDRINUSE null:3000
    at listenOnPrimaryHandle (node:net:1885:18)
    at rr (node:internal/cluster/child:162:12)
    at Worker.<anonymous> (node:internal/cluster/child:112:7)
    at process.onInternalMessage (node:internal/cluster/utils:49:5)
    at process.emit (node:events:529:35)
    at emit (node:internal/child_process:944:14)
    at process.processTicksAndRejections (node:internal/process/task_queues:83:21)
2025-06-28T13:46:11: 📦 Connected to PostgreSQL database
2025-06-28T13:46:11: ✅ Database connected successfully
Error: bind EADDRINUSE null:3000
    at listenOnPrimaryHandle (node:net:1885:18)
    at rr (node:internal/cluster/child:162:12)
    at Worker.<anonymous> (node:internal/cluster/child:112:7)
    at process.onInternalMessage (node:internal/cluster/utils:49:5)
    at process.emit (node:events:529:35)
    at emit (node:internal/child_process:944:14)
    at process.processTicksAndRejections (node:internal/process/task_queues:83:21)
2025-06-28T13:46:11: 📦 Connected to PostgreSQL database
2025-06-28T13:46:11: ✅ Database connected successfully
Error: bind EADDRINUSE null:3000
    at listenOnPrimaryHandle (node:net:1885:18)
    at rr (node:internal/cluster/child:162:12)
    at Worker.<anonymous> (node:internal/cluster/child:112:7)
    at process.onInternalMessage (node:internal/cluster/utils:49:5)
    at process.emit (node:events:529:35)
    at emit (node:internal/child_process:944:14)
    at process.processTicksAndRejections (node:internal/process/task_queues:83:21)
2025-06-28T13:46:11: 📦 Connected to PostgreSQL database
2025-06-28T13:46:11: ✅ Database connected successfully
Error: bind EADDRINUSE null:3000
    at listenOnPrimaryHandle (node:net:1885:18)
    at rr (node:internal/cluster/child:162:12)
    at Worker.<anonymous> (node:internal/cluster/child:112:7)
    at process.onInternalMessage (node:internal/cluster/utils:49:5)
    at process.emit (node:events:529:35)
    at emit (node:internal/child_process:944:14)
    at process.processTicksAndRejections (node:internal/process/task_queues:83:21)
2025-06-28T13:46:12: 📦 Connected to PostgreSQL database
2025-06-28T13:46:12: ✅ Database connected successfully
Error: bind EADDRINUSE null:3000
    at listenOnPrimaryHandle (node:net:1885:18)
    at rr (node:internal/cluster/child:162:12)
    at Worker.<anonymous> (node:internal/cluster/child:112:7)
    at process.onInternalMessage (node:internal/cluster/utils:49:5)
    at process.emit (node:events:529:35)
    at emit (node:internal/child_process:944:14)
    at process.processTicksAndRejections (node:internal/process/task_queues:83:21)
2025-06-28T13:46:12: 📦 Connected to PostgreSQL database
2025-06-28T13:46:12: ✅ Database connected successfully
Error: bind EADDRINUSE null:3000
    at listenOnPrimaryHandle (node:net:1885:18)
    at rr (node:internal/cluster/child:162:12)
    at Worker.<anonymous> (node:internal/cluster/child:112:7)
    at process.onInternalMessage (node:internal/cluster/utils:49:5)
    at process.emit (node:events:529:35)
    at emit (node:internal/child_process:944:14)
    at process.processTicksAndRejections (node:internal/process/task_queues:83:21)
2025-06-28T13:46:12: 📦 Connected to PostgreSQL database
2025-06-28T13:46:12: ✅ Database connected successfully
Error: bind EADDRINUSE null:3000
    at listenOnPrimaryHandle (node:net:1885:18)
    at rr (node:internal/cluster/child:162:12)
    at Worker.<anonymous> (node:internal/cluster/child:112:7)
    at process.onInternalMessage (node:internal/cluster/utils:49:5)
    at process.emit (node:events:529:35)
    at emit (node:internal/child_process:944:14)
    at process.processTicksAndRejections (node:internal/process/task_queues:83:21)
2025-06-28T13:46:12: 📦 Connected to PostgreSQL database
2025-06-28T13:46:12: ✅ Database connected successfully
Error: bind EADDRINUSE null:3000
    at listenOnPrimaryHandle (node:net:1885:18)
    at rr (node:internal/cluster/child:162:12)
    at Worker.<anonymous> (node:internal/cluster/child:112:7)
    at process.onInternalMessage (node:internal/cluster/utils:49:5)
    at process.emit (node:events:529:35)
    at emit (node:internal/child_process:944:14)
    at process.processTicksAndRejections (node:internal/process/task_queues:83:21)
2025-06-28T13:46:13: 📦 Connected to PostgreSQL database
2025-06-28T13:46:13: ✅ Database connected successfully
Error: bind EADDRINUSE null:3000
    at listenOnPrimaryHandle (node:net:1885:18)
    at rr (node:internal/cluster/child:162:12)
    at Worker.<anonymous> (node:internal/cluster/child:112:7)
    at process.onInternalMessage (node:internal/cluster/utils:49:5)
    at process.emit (node:events:529:35)
    at emit (node:internal/child_process:944:14)
    at process.processTicksAndRejections (node:internal/process/task_queues:83:21)
2025-06-28T13:46:13: 📦 Connected to PostgreSQL database
2025-06-28T13:46:13: ✅ Database connected successfully
Error: bind EADDRINUSE null:3000
    at listenOnPrimaryHandle (node:net:1885:18)
    at rr (node:internal/cluster/child:162:12)
    at Worker.<anonymous> (node:internal/cluster/child:112:7)
    at process.onInternalMessage (node:internal/cluster/utils:49:5)
    at process.emit (node:events:529:35)
    at emit (node:internal/child_process:944:14)
    at process.processTicksAndRejections (node:internal/process/task_queues:83:21)
2025-06-28T13:46:13: 📦 Connected to PostgreSQL database
2025-06-28T13:46:13: ✅ Database connected successfully
Error: bind EADDRINUSE null:3000
    at listenOnPrimaryHandle (node:net:1885:18)
    at rr (node:internal/cluster/child:162:12)
    at Worker.<anonymous> (node:internal/cluster/child:112:7)
    at process.onInternalMessage (node:internal/cluster/utils:49:5)
    at process.emit (node:events:529:35)
    at emit (node:internal/child_process:944:14)
    at process.processTicksAndRejections (node:internal/process/task_queues:83:21)
2025-06-28T14:00:50: 📦 Connected to PostgreSQL database
2025-06-28T14:00:50: ✅ Database connected successfully
Error: bind EADDRINUSE null:3000
    at listenOnPrimaryHandle (node:net:1885:18)
    at rr (node:internal/cluster/child:162:12)
    at Worker.<anonymous> (node:internal/cluster/child:112:7)
    at process.onInternalMessage (node:internal/cluster/utils:49:5)
    at process.emit (node:events:529:35)
    at emit (node:internal/child_process:944:14)
    at process.processTicksAndRejections (node:internal/process/task_queues:83:21)
2025-06-28T14:00:50: 📦 Connected to PostgreSQL database
2025-06-28T14:00:50: ✅ Database connected successfully
Error: bind EADDRINUSE null:3000
    at listenOnPrimaryHandle (node:net:1885:18)
    at rr (node:internal/cluster/child:162:12)
    at Worker.<anonymous> (node:internal/cluster/child:112:7)
    at process.onInternalMessage (node:internal/cluster/utils:49:5)
    at process.emit (node:events:529:35)
    at emit (node:internal/child_process:944:14)
    at process.processTicksAndRejections (node:internal/process/task_queues:83:21)
2025-06-28T14:00:50: 📦 Connected to PostgreSQL database
2025-06-28T14:00:50: ✅ Database connected successfully
Error: bind EADDRINUSE null:3000
    at listenOnPrimaryHandle (node:net:1885:18)
    at rr (node:internal/cluster/child:162:12)
    at Worker.<anonymous> (node:internal/cluster/child:112:7)
    at process.onInternalMessage (node:internal/cluster/utils:49:5)
    at process.emit (node:events:529:35)
    at emit (node:internal/child_process:944:14)
    at process.processTicksAndRejections (node:internal/process/task_queues:83:21)
2025-06-28T14:00:51: 📦 Connected to PostgreSQL database
2025-06-28T14:00:51: ✅ Database connected successfully
Error: bind EADDRINUSE null:3000
    at listenOnPrimaryHandle (node:net:1885:18)
    at rr (node:internal/cluster/child:162:12)
    at Worker.<anonymous> (node:internal/cluster/child:112:7)
    at process.onInternalMessage (node:internal/cluster/utils:49:5)
    at process.emit (node:events:529:35)
    at emit (node:internal/child_process:944:14)
    at process.processTicksAndRejections (node:internal/process/task_queues:83:21)
2025-06-28T14:00:51: 📦 Connected to PostgreSQL database
2025-06-28T14:00:51: ✅ Database connected successfully
Error: bind EADDRINUSE null:3000
    at listenOnPrimaryHandle (node:net:1885:18)
    at rr (node:internal/cluster/child:162:12)
    at Worker.<anonymous> (node:internal/cluster/child:112:7)
    at process.onInternalMessage (node:internal/cluster/utils:49:5)
    at process.emit (node:events:529:35)
    at emit (node:internal/child_process:944:14)
    at process.processTicksAndRejections (node:internal/process/task_queues:83:21)
2025-06-28T14:00:51: 📦 Connected to PostgreSQL database
2025-06-28T14:00:51: ✅ Database connected successfully
Error: bind EADDRINUSE null:3000
    at listenOnPrimaryHandle (node:net:1885:18)
    at rr (node:internal/cluster/child:162:12)
    at Worker.<anonymous> (node:internal/cluster/child:112:7)
    at process.onInternalMessage (node:internal/cluster/utils:49:5)
    at process.emit (node:events:529:35)
    at emit (node:internal/child_process:944:14)
    at process.processTicksAndRejections (node:internal/process/task_queues:83:21)
2025-06-28T14:00:51: 📦 Connected to PostgreSQL database
2025-06-28T14:00:51: ✅ Database connected successfully
Error: bind EADDRINUSE null:3000
    at listenOnPrimaryHandle (node:net:1885:18)
    at rr (node:internal/cluster/child:162:12)
    at Worker.<anonymous> (node:internal/cluster/child:112:7)
    at process.onInternalMessage (node:internal/cluster/utils:49:5)
    at process.emit (node:events:529:35)
    at emit (node:internal/child_process:944:14)
    at process.processTicksAndRejections (node:internal/process/task_queues:83:21)
2025-06-28T14:00:52: 📦 Connected to PostgreSQL database
2025-06-28T14:00:52: ✅ Database connected successfully
Error: bind EADDRINUSE null:3000
    at listenOnPrimaryHandle (node:net:1885:18)
    at rr (node:internal/cluster/child:162:12)
    at Worker.<anonymous> (node:internal/cluster/child:112:7)
    at process.onInternalMessage (node:internal/cluster/utils:49:5)
    at process.emit (node:events:529:35)
    at emit (node:internal/child_process:944:14)
    at process.processTicksAndRejections (node:internal/process/task_queues:83:21)
2025-06-28T14:00:52: 📦 Connected to PostgreSQL database
2025-06-28T14:00:52: ✅ Database connected successfully
Error: bind EADDRINUSE null:3000
    at listenOnPrimaryHandle (node:net:1885:18)
    at rr (node:internal/cluster/child:162:12)
    at Worker.<anonymous> (node:internal/cluster/child:112:7)
    at process.onInternalMessage (node:internal/cluster/utils:49:5)
    at process.emit (node:events:529:35)
    at emit (node:internal/child_process:944:14)
    at process.processTicksAndRejections (node:internal/process/task_queues:83:21)
2025-06-28T14:00:52: 📦 Connected to PostgreSQL database
2025-06-28T14:00:52: ✅ Database connected successfully
Error: bind EADDRINUSE null:3000
    at listenOnPrimaryHandle (node:net:1885:18)
    at rr (node:internal/cluster/child:162:12)
    at Worker.<anonymous> (node:internal/cluster/child:112:7)
    at process.onInternalMessage (node:internal/cluster/utils:49:5)
    at process.emit (node:events:529:35)
    at emit (node:internal/child_process:944:14)
    at process.processTicksAndRejections (node:internal/process/task_queues:83:21)
2025-06-28T14:00:52: 📦 Connected to PostgreSQL database
2025-06-28T14:00:52: ✅ Database connected successfully
Error: bind EADDRINUSE null:3000
    at listenOnPrimaryHandle (node:net:1885:18)
    at rr (node:internal/cluster/child:162:12)
    at Worker.<anonymous> (node:internal/cluster/child:112:7)
    at process.onInternalMessage (node:internal/cluster/utils:49:5)
    at process.emit (node:events:529:35)
    at emit (node:internal/child_process:944:14)
    at process.processTicksAndRejections (node:internal/process/task_queues:83:21)
2025-06-28T14:00:53: 📦 Connected to PostgreSQL database
2025-06-28T14:00:53: ✅ Database connected successfully
Error: bind EADDRINUSE null:3000
    at listenOnPrimaryHandle (node:net:1885:18)
    at rr (node:internal/cluster/child:162:12)
    at Worker.<anonymous> (node:internal/cluster/child:112:7)
    at process.onInternalMessage (node:internal/cluster/utils:49:5)
    at process.emit (node:events:529:35)
    at emit (node:internal/child_process:944:14)
    at process.processTicksAndRejections (node:internal/process/task_queues:83:21)
2025-06-28T14:00:53: 📦 Connected to PostgreSQL database
2025-06-28T14:00:53: ✅ Database connected successfully
Error: bind EADDRINUSE null:3000
    at listenOnPrimaryHandle (node:net:1885:18)
    at rr (node:internal/cluster/child:162:12)
    at Worker.<anonymous> (node:internal/cluster/child:112:7)
    at process.onInternalMessage (node:internal/cluster/utils:49:5)
    at process.emit (node:events:529:35)
    at emit (node:internal/child_process:944:14)
    at process.processTicksAndRejections (node:internal/process/task_queues:83:21)
2025-06-28T14:00:53: 📦 Connected to PostgreSQL database
2025-06-28T14:00:53: ✅ Database connected successfully
Error: bind EADDRINUSE null:3000
    at listenOnPrimaryHandle (node:net:1885:18)
    at rr (node:internal/cluster/child:162:12)
    at Worker.<anonymous> (node:internal/cluster/child:112:7)
    at process.onInternalMessage (node:internal/cluster/utils:49:5)
    at process.emit (node:events:529:35)
    at emit (node:internal/child_process:944:14)
    at process.processTicksAndRejections (node:internal/process/task_queues:83:21)
2025-06-28T14:00:53: 📦 Connected to PostgreSQL database
2025-06-28T14:00:53: ✅ Database connected successfully
Error: bind EADDRINUSE null:3000
    at listenOnPrimaryHandle (node:net:1885:18)
    at rr (node:internal/cluster/child:162:12)
    at Worker.<anonymous> (node:internal/cluster/child:112:7)
    at process.onInternalMessage (node:internal/cluster/utils:49:5)
    at process.emit (node:events:529:35)
    at emit (node:internal/child_process:944:14)
    at process.processTicksAndRejections (node:internal/process/task_queues:83:21)
2025-06-28T14:00:54: 📦 Connected to PostgreSQL database
2025-06-28T14:00:54: ✅ Database connected successfully
Error: bind EADDRINUSE null:3000
    at listenOnPrimaryHandle (node:net:1885:18)
    at rr (node:internal/cluster/child:162:12)
    at Worker.<anonymous> (node:internal/cluster/child:112:7)
    at process.onInternalMessage (node:internal/cluster/utils:49:5)
    at process.emit (node:events:529:35)
    at emit (node:internal/child_process:944:14)
    at process.processTicksAndRejections (node:internal/process/task_queues:83:21)
2025-06-28T14:02:33: 📦 Connected to PostgreSQL database
2025-06-28T14:02:33: ✅ Database connected successfully
Error: bind EADDRINUSE null:3000
    at listenOnPrimaryHandle (node:net:1885:18)
    at rr (node:internal/cluster/child:162:12)
    at Worker.<anonymous> (node:internal/cluster/child:112:7)
    at process.onInternalMessage (node:internal/cluster/utils:49:5)
    at process.emit (node:events:529:35)
    at emit (node:internal/child_process:944:14)
    at process.processTicksAndRejections (node:internal/process/task_queues:83:21)
2025-06-28T14:02:33: 📦 Connected to PostgreSQL database
2025-06-28T14:02:33: ✅ Database connected successfully
Error: bind EADDRINUSE null:3000
    at listenOnPrimaryHandle (node:net:1885:18)
    at rr (node:internal/cluster/child:162:12)
    at Worker.<anonymous> (node:internal/cluster/child:112:7)
    at process.onInternalMessage (node:internal/cluster/utils:49:5)
    at process.emit (node:events:529:35)
    at emit (node:internal/child_process:944:14)
    at process.processTicksAndRejections (node:internal/process/task_queues:83:21)
2025-06-28T14:02:33: 📦 Connected to PostgreSQL database
2025-06-28T14:02:33: ✅ Database connected successfully
Error: bind EADDRINUSE null:3000
    at listenOnPrimaryHandle (node:net:1885:18)
    at rr (node:internal/cluster/child:162:12)
    at Worker.<anonymous> (node:internal/cluster/child:112:7)
    at process.onInternalMessage (node:internal/cluster/utils:49:5)
    at process.emit (node:events:529:35)
    at emit (node:internal/child_process:944:14)
    at process.processTicksAndRejections (node:internal/process/task_queues:83:21)
2025-06-28T14:02:33: 📦 Connected to PostgreSQL database
2025-06-28T14:02:33: ✅ Database connected successfully
Error: bind EADDRINUSE null:3000
    at listenOnPrimaryHandle (node:net:1885:18)
    at rr (node:internal/cluster/child:162:12)
    at Worker.<anonymous> (node:internal/cluster/child:112:7)
    at process.onInternalMessage (node:internal/cluster/utils:49:5)
    at process.emit (node:events:529:35)
    at emit (node:internal/child_process:944:14)
    at process.processTicksAndRejections (node:internal/process/task_queues:83:21)
2025-06-28T14:02:34: 📦 Connected to PostgreSQL database
2025-06-28T14:02:34: ✅ Database connected successfully
Error: bind EADDRINUSE null:3000
    at listenOnPrimaryHandle (node:net:1885:18)
    at rr (node:internal/cluster/child:162:12)
    at Worker.<anonymous> (node:internal/cluster/child:112:7)
    at process.onInternalMessage (node:internal/cluster/utils:49:5)
    at process.emit (node:events:529:35)
    at emit (node:internal/child_process:944:14)
    at process.processTicksAndRejections (node:internal/process/task_queues:83:21)
2025-06-28T14:02:34: 📦 Connected to PostgreSQL database
2025-06-28T14:02:34: ✅ Database connected successfully
Error: bind EADDRINUSE null:3000
    at listenOnPrimaryHandle (node:net:1885:18)
    at rr (node:internal/cluster/child:162:12)
    at Worker.<anonymous> (node:internal/cluster/child:112:7)
    at process.onInternalMessage (node:internal/cluster/utils:49:5)
    at process.emit (node:events:529:35)
    at emit (node:internal/child_process:944:14)
    at process.processTicksAndRejections (node:internal/process/task_queues:83:21)
2025-06-28T14:02:34: 📦 Connected to PostgreSQL database
2025-06-28T14:02:34: ✅ Database connected successfully
Error: bind EADDRINUSE null:3000
    at listenOnPrimaryHandle (node:net:1885:18)
    at rr (node:internal/cluster/child:162:12)
    at Worker.<anonymous> (node:internal/cluster/child:112:7)
    at process.onInternalMessage (node:internal/cluster/utils:49:5)
    at process.emit (node:events:529:35)
    at emit (node:internal/child_process:944:14)
    at process.processTicksAndRejections (node:internal/process/task_queues:83:21)
2025-06-28T14:02:34: 📦 Connected to PostgreSQL database
2025-06-28T14:02:34: ✅ Database connected successfully
Error: bind EADDRINUSE null:3000
    at listenOnPrimaryHandle (node:net:1885:18)
    at rr (node:internal/cluster/child:162:12)
    at Worker.<anonymous> (node:internal/cluster/child:112:7)
    at process.onInternalMessage (node:internal/cluster/utils:49:5)
    at process.emit (node:events:529:35)
    at emit (node:internal/child_process:944:14)
    at process.processTicksAndRejections (node:internal/process/task_queues:83:21)
2025-06-28T14:02:34: 📦 Connected to PostgreSQL database
2025-06-28T14:02:34: ✅ Database connected successfully
Error: bind EADDRINUSE null:3000
    at listenOnPrimaryHandle (node:net:1885:18)
    at rr (node:internal/cluster/child:162:12)
    at Worker.<anonymous> (node:internal/cluster/child:112:7)
    at process.onInternalMessage (node:internal/cluster/utils:49:5)
    at process.emit (node:events:529:35)
    at emit (node:internal/child_process:944:14)
    at process.processTicksAndRejections (node:internal/process/task_queues:83:21)
2025-06-28T14:02:35: 📦 Connected to PostgreSQL database
2025-06-28T14:02:35: ✅ Database connected successfully
Error: bind EADDRINUSE null:3000
    at listenOnPrimaryHandle (node:net:1885:18)
    at rr (node:internal/cluster/child:162:12)
    at Worker.<anonymous> (node:internal/cluster/child:112:7)
    at process.onInternalMessage (node:internal/cluster/utils:49:5)
    at process.emit (node:events:529:35)
    at emit (node:internal/child_process:944:14)
    at process.processTicksAndRejections (node:internal/process/task_queues:83:21)
2025-06-28T14:02:35: 📦 Connected to PostgreSQL database
2025-06-28T14:02:35: ✅ Database connected successfully
Error: bind EADDRINUSE null:3000
    at listenOnPrimaryHandle (node:net:1885:18)
    at rr (node:internal/cluster/child:162:12)
    at Worker.<anonymous> (node:internal/cluster/child:112:7)
    at process.onInternalMessage (node:internal/cluster/utils:49:5)
    at process.emit (node:events:529:35)
    at emit (node:internal/child_process:944:14)
    at process.processTicksAndRejections (node:internal/process/task_queues:83:21)
2025-06-28T14:02:35: 📦 Connected to PostgreSQL database
2025-06-28T14:02:35: ✅ Database connected successfully
Error: bind EADDRINUSE null:3000
    at listenOnPrimaryHandle (node:net:1885:18)
    at rr (node:internal/cluster/child:162:12)
    at Worker.<anonymous> (node:internal/cluster/child:112:7)
    at process.onInternalMessage (node:internal/cluster/utils:49:5)
    at process.emit (node:events:529:35)
    at emit (node:internal/child_process:944:14)
    at process.processTicksAndRejections (node:internal/process/task_queues:83:21)
2025-06-28T14:02:35: 📦 Connected to PostgreSQL database
2025-06-28T14:02:35: ✅ Database connected successfully
Error: bind EADDRINUSE null:3000
    at listenOnPrimaryHandle (node:net:1885:18)
    at rr (node:internal/cluster/child:162:12)
    at Worker.<anonymous> (node:internal/cluster/child:112:7)
    at process.onInternalMessage (node:internal/cluster/utils:49:5)
    at process.emit (node:events:529:35)
    at emit (node:internal/child_process:944:14)
    at process.processTicksAndRejections (node:internal/process/task_queues:83:21)
2025-06-28T14:02:36: 📦 Connected to PostgreSQL database
2025-06-28T14:02:36: ✅ Database connected successfully
Error: bind EADDRINUSE null:3000
    at listenOnPrimaryHandle (node:net:1885:18)
    at rr (node:internal/cluster/child:162:12)
    at Worker.<anonymous> (node:internal/cluster/child:112:7)
    at process.onInternalMessage (node:internal/cluster/utils:49:5)
    at process.emit (node:events:529:35)
    at emit (node:internal/child_process:944:14)
    at process.processTicksAndRejections (node:internal/process/task_queues:83:21)
2025-06-28T14:02:36: 📦 Connected to PostgreSQL database
2025-06-28T14:02:36: ✅ Database connected successfully
Error: bind EADDRINUSE null:3000
    at listenOnPrimaryHandle (node:net:1885:18)
    at rr (node:internal/cluster/child:162:12)
    at Worker.<anonymous> (node:internal/cluster/child:112:7)
    at process.onInternalMessage (node:internal/cluster/utils:49:5)
    at process.emit (node:events:529:35)
    at emit (node:internal/child_process:944:14)
    at process.processTicksAndRejections (node:internal/process/task_queues:83:21)
2025-06-28T14:02:36: 📦 Connected to PostgreSQL database
2025-06-28T14:02:36: ✅ Database connected successfully
Error: bind EADDRINUSE null:3000
    at listenOnPrimaryHandle (node:net:1885:18)
    at rr (node:internal/cluster/child:162:12)
    at Worker.<anonymous> (node:internal/cluster/child:112:7)
    at process.onInternalMessage (node:internal/cluster/utils:49:5)
    at process.emit (node:events:529:35)
    at emit (node:internal/child_process:944:14)
    at process.processTicksAndRejections (node:internal/process/task_queues:83:21)
