2025-06-28T13:46:09: 📦 Connected to PostgreSQL database
2025-06-28T13:46:09: ✅ Database connected successfully
2025-06-28T13:46:10: 📦 Connected to PostgreSQL database
2025-06-28T13:46:10: ✅ Database connected successfully
2025-06-28T13:46:10: 📦 Connected to PostgreSQL database
2025-06-28T13:46:10: ✅ Database connected successfully
2025-06-28T13:46:10: 📦 Connected to PostgreSQL database
2025-06-28T13:46:10: ✅ Database connected successfully
2025-06-28T13:46:10: 📦 Connected to PostgreSQL database
2025-06-28T13:46:10: ✅ Database connected successfully
2025-06-28T13:46:11: 📦 Connected to PostgreSQL database
2025-06-28T13:46:11: ✅ Database connected successfully
2025-06-28T13:46:11: 📦 Connected to PostgreSQL database
2025-06-28T13:46:11: ✅ Database connected successfully
2025-06-28T13:46:11: 📦 Connected to PostgreSQL database
2025-06-28T13:46:11: ✅ Database connected successfully
2025-06-28T13:46:11: 📦 Connected to PostgreSQL database
2025-06-28T13:46:11: ✅ Database connected successfully
2025-06-28T13:46:12: 📦 Connected to PostgreSQL database
2025-06-28T13:46:12: ✅ Database connected successfully
2025-06-28T13:46:12: 📦 Connected to PostgreSQL database
2025-06-28T13:46:12: ✅ Database connected successfully
2025-06-28T13:46:12: 📦 Connected to PostgreSQL database
2025-06-28T13:46:12: ✅ Database connected successfully
2025-06-28T13:46:12: 📦 Connected to PostgreSQL database
2025-06-28T13:46:12: ✅ Database connected successfully
2025-06-28T13:46:13: 📦 Connected to PostgreSQL database
2025-06-28T13:46:13: ✅ Database connected successfully
2025-06-28T13:46:13: 📦 Connected to PostgreSQL database
2025-06-28T13:46:13: ✅ Database connected successfully
2025-06-28T13:46:13: 📦 Connected to PostgreSQL database
2025-06-28T13:46:13: ✅ Database connected successfully
2025-06-28T14:00:50: 📦 Connected to PostgreSQL database
2025-06-28T14:00:50: ✅ Database connected successfully
2025-06-28T14:00:50: 📦 Connected to PostgreSQL database
2025-06-28T14:00:50: ✅ Database connected successfully
2025-06-28T14:00:50: 📦 Connected to PostgreSQL database
2025-06-28T14:00:50: ✅ Database connected successfully
2025-06-28T14:00:51: 📦 Connected to PostgreSQL database
2025-06-28T14:00:51: ✅ Database connected successfully
2025-06-28T14:00:51: 📦 Connected to PostgreSQL database
2025-06-28T14:00:51: ✅ Database connected successfully
2025-06-28T14:00:51: 📦 Connected to PostgreSQL database
2025-06-28T14:00:51: ✅ Database connected successfully
2025-06-28T14:00:51: 📦 Connected to PostgreSQL database
2025-06-28T14:00:51: ✅ Database connected successfully
2025-06-28T14:00:52: 📦 Connected to PostgreSQL database
2025-06-28T14:00:52: ✅ Database connected successfully
2025-06-28T14:00:52: 📦 Connected to PostgreSQL database
2025-06-28T14:00:52: ✅ Database connected successfully
2025-06-28T14:00:52: 📦 Connected to PostgreSQL database
2025-06-28T14:00:52: ✅ Database connected successfully
2025-06-28T14:00:52: 📦 Connected to PostgreSQL database
2025-06-28T14:00:52: ✅ Database connected successfully
2025-06-28T14:00:53: 📦 Connected to PostgreSQL database
2025-06-28T14:00:53: ✅ Database connected successfully
2025-06-28T14:00:53: 📦 Connected to PostgreSQL database
2025-06-28T14:00:53: ✅ Database connected successfully
2025-06-28T14:00:53: 📦 Connected to PostgreSQL database
2025-06-28T14:00:53: ✅ Database connected successfully
2025-06-28T14:00:53: 📦 Connected to PostgreSQL database
2025-06-28T14:00:53: ✅ Database connected successfully
2025-06-28T14:00:54: 📦 Connected to PostgreSQL database
2025-06-28T14:00:54: ✅ Database connected successfully
2025-06-28T14:02:33: 📦 Connected to PostgreSQL database
2025-06-28T14:02:33: ✅ Database connected successfully
2025-06-28T14:02:33: 📦 Connected to PostgreSQL database
2025-06-28T14:02:33: ✅ Database connected successfully
2025-06-28T14:02:33: 📦 Connected to PostgreSQL database
2025-06-28T14:02:33: ✅ Database connected successfully
2025-06-28T14:02:33: 📦 Connected to PostgreSQL database
2025-06-28T14:02:33: ✅ Database connected successfully
2025-06-28T14:02:34: 📦 Connected to PostgreSQL database
2025-06-28T14:02:34: ✅ Database connected successfully
2025-06-28T14:02:34: 📦 Connected to PostgreSQL database
2025-06-28T14:02:34: ✅ Database connected successfully
2025-06-28T14:02:34: 📦 Connected to PostgreSQL database
2025-06-28T14:02:34: ✅ Database connected successfully
2025-06-28T14:02:34: 📦 Connected to PostgreSQL database
2025-06-28T14:02:34: ✅ Database connected successfully
2025-06-28T14:02:34: 📦 Connected to PostgreSQL database
2025-06-28T14:02:34: ✅ Database connected successfully
2025-06-28T14:02:35: 📦 Connected to PostgreSQL database
2025-06-28T14:02:35: ✅ Database connected successfully
2025-06-28T14:02:35: 📦 Connected to PostgreSQL database
2025-06-28T14:02:35: ✅ Database connected successfully
2025-06-28T14:02:35: 📦 Connected to PostgreSQL database
2025-06-28T14:02:35: ✅ Database connected successfully
2025-06-28T14:02:35: 📦 Connected to PostgreSQL database
2025-06-28T14:02:35: ✅ Database connected successfully
2025-06-28T14:02:36: 📦 Connected to PostgreSQL database
2025-06-28T14:02:36: ✅ Database connected successfully
2025-06-28T14:02:36: 📦 Connected to PostgreSQL database
2025-06-28T14:02:36: ✅ Database connected successfully
2025-06-28T14:02:36: 📦 Connected to PostgreSQL database
2025-06-28T14:02:36: ✅ Database connected successfully
2025-06-28T14:23:09: 📦 Connected to PostgreSQL database
2025-06-28T14:23:09: ✅ Database connected successfully
2025-06-28T14:23:09: 🚀 Server running on port 3000
2025-06-28T14:23:09: 📊 Environment: development
2025-06-28T14:23:09: 🔗 Health check: http://localhost:3000/health
2025-06-28T14:23:09: 📚 API docs: http://localhost:3000/api
2025-06-28T14:23:47: [0mGET /health [32m200[0m 2.612 ms - 112[0m
